<?xml version="1.0" encoding="UTF-8"?>
<!-- Generated by org.testng.reporters.JUnitReportReporter -->
<testsuite skipped="0" hostname="DESKTOP-HB37DOE" name="testNG.test.TestNGBasics" tests="2" failures="0" timestamp="12 Jul 2018 17:16:41 GMT" time="0.016" errors="0">
  <testcase name="searchtest" time="0.009" classname="testNG.test.TestNGBasics"/>
  <testcase name="googleTitleText" time="0.007" classname="testNG.test.TestNGBasics"/>
</testsuite> <!-- testNG.test.TestNGBasics -->
