<?xml version="1.0" encoding="UTF-8"?>
<!-- Generated by org.testng.reporters.JUnitReportReporter -->
<testsuite skipped="0" hostname="DESKTOP-HB37DOE" name="testNG.test.googleTest" tests="3" failures="0" timestamp="12 Jul 2018 19:00:58 GMT" time="108.337" errors="0">
  <testcase name="GooglelogoTest" time="36.176" classname="testNG.test.googleTest"/>
  <testcase name="maillogo" time="38.981" classname="testNG.test.googleTest"/>
  <testcase name="GoogleTitleTest" time="33.180" classname="testNG.test.googleTest"/>
</testsuite> <!-- testNG.test.googleTest -->
